This file contains any messages produced by compilers while
running configure, to aid debugging if configure makes a mistake.

It was created by tpm configure 1.0, which was
generated by GNU Autoconf 2.69.  Invocation command line was

  $ ../configure 

## --------- ##
## Platform. ##
## --------- ##

hostname = c0232
uname -m = x86_64
uname -r = 3.10.0-1160.25.1.el7.x86_64
uname -s = Linux
uname -v = #1 SMP Wed Apr 28 21:49:45 UTC 2021

/usr/bin/uname -p = x86_64
/bin/uname -X     = unknown

/bin/arch              = x86_64
/usr/bin/arch -k       = unknown
/usr/convex/getsysinfo = unknown
/usr/bin/hostinfo      = unknown
/bin/machine           = unknown
/usr/bin/oslevel       = unknown
/bin/universe          = unknown

PATH: /home/sortur.n/.conda/envs/drqv2/bin
PATH: /shared/centos7/mpich/3.3.2-intel/bin
PATH: /shared/centos7/mpich/3.3.2-intel/share
PATH: /shared/centos7/hdf5/1.12.0-intel2020/bin
PATH: /shared/centos7/intel/parallel_studio_xe_2020_update2_cluster_edition/c6420/intelpython3/bin
PATH: /shared/centos7/automake/1.15/bin
PATH: /shared/centos7/gcc/9.2.0-skylake/libexec/gcc/x86_64-pc-linux-gnu/9.2.0
PATH: /shared/centos7/gcc/9.2.0-skylake/bin
PATH: /shared/centos7/intel/parallel_studio_xe/2019-4/advisor_2019.4.0.597843/fga/fgt/linux/bin
PATH: /shared/centos7/intel/parallel_studio_xe/2019-4/compilers_and_libraries_2019/linux/bin
PATH: /shared/centos7/intel/parallel_studio_xe/2019-4/bin
PATH: /shared/centos7/intel/parallel_studio_xe/2019-4/parallel_studio_xe_2019.4.070/bin
PATH: /shared/centos7/intel/parallel_studio_xe/2019-4/debugger_2019/bin
PATH: /shared/centos7/intel/parallel_studio_xe/2019-4/debugger_2019/gdb/intel64/bin
PATH: /shared/centos7/intel/parallel_studio_xe/2019-4/debugger_2019/gdb/targets/intel64/linux/bin
PATH: /shared/centos7/intel/parallel_studio_xe/2019-4/compilers_and_libraries_2019.4.243/linux/ipp/bin
PATH: /shared/centos7/intel/parallel_studio_xe/2019-4/compilers_and_libraries_2019.4.243/linux/mpirt/bin
PATH: /shared/centos7/intel/parallel_studio_xe/2019-4/compilers_and_libraries_2019.4.243/linux/mkl/benchmarks/hpcg/bin
PATH: /shared/centos7/intel/parallel_studio_xe/2019-4/compilers_and_libraries_2019.4.243/linux/mkl/bin
PATH: /shared/centos7/intel/parallel_studio_xe/2019-4/compilers_and_libraries_2019.4.243/linux/bin
PATH: /shared/centos7/intel/parallel_studio_xe/2019-4/compilers_and_libraries_2019.4.243/linux/pstl/bin
PATH: /shared/centos7/intel/parallel_studio_xe/2019-4/compilers_and_libraries_2019.4.243/linux/tbb/bin
PATH: /shared/centos7/intel/parallel_studio_xe/2019-4/compilers_and_libraries_2019.4.243/linux/mpi/intel64/libfabric/bin
PATH: /shared/centos7/intel/parallel_studio_xe/2019-4/compilers_and_libraries_2019.4.243/linux/mpi/intel64/bin
PATH: /shared/centos7/intel/parallel_studio_xe/2019-4/compilers_and_libraries_2019.4.243/linux/daal/bin
PATH: /shared/centos7/intel/parallel_studio_xe/2019-4/vtune_amplifier_2019.4.0.597835/vpp/collector/hwloc/bin
PATH: /shared/centos7/intel/parallel_studio_xe/2019-4/vtune_amplifier_2019.4.0.597835/vpp/collector/bin
PATH: /shared/centos7/intel/parallel_studio_xe/2019-4/vtune_amplifier_2019.4.0.597835/vpp/server/dist/3rdparty/vpp-python-centos/bin
PATH: /shared/centos7/intel/parallel_studio_xe/2019-4/conda_channel/bin
PATH: /shared/centos7/intel/parallel_studio_xe/2019-4/intelpython3/bin
PATH: /shared/centos7/intel/parallel_studio_xe/2019-4/intelpython3/pkgs/tk-8.6.4-29/bin
PATH: /shared/centos7/intel/parallel_studio_xe/2019-4/intelpython3/pkgs/numba-0.42.1-np116py36_2/bin
PATH: /shared/centos7/intel/parallel_studio_xe/2019-4/intelpython3/pkgs/pip-10.0.1-py36_0/bin
PATH: /shared/centos7/intel/parallel_studio_xe/2019-4/intelpython3/pkgs/xz-5.2.3-2/bin
PATH: /shared/centos7/intel/parallel_studio_xe/2019-4/intelpython3/pkgs/conda-4.3.31-py36_3/bin
PATH: /shared/centos7/intel/parallel_studio_xe/2019-4/intelpython3/pkgs/tcl-8.6.4-24/bin
PATH: /shared/centos7/intel/parallel_studio_xe/2019-4/intelpython3/pkgs/mkl-2019.4-intel_243/bin
PATH: /shared/centos7/intel/parallel_studio_xe/2019-4/intelpython3/pkgs/daal-2019.4-intel_243/bin
PATH: /shared/centos7/intel/parallel_studio_xe/2019-4/intelpython3/pkgs/openssl-1.0.2r-2/bin
PATH: /shared/centos7/intel/parallel_studio_xe/2019-4/intelpython3/pkgs/impi_rt-2019.4-intel_243/bin
PATH: /shared/centos7/intel/parallel_studio_xe/2019-4/intelpython3/pkgs/cython-0.29.6-py36h7b7c402_0/bin
PATH: /shared/centos7/intel/parallel_studio_xe/2019-4/intelpython3/pkgs/wheel-0.31.0-py36_3/bin
PATH: /shared/centos7/intel/parallel_studio_xe/2019-4/intelpython3/pkgs/chardet-3.0.4-py36_3/bin
PATH: /shared/centos7/intel/parallel_studio_xe/2019-4/intelpython3/pkgs/sqlite-3.27.2-4/bin
PATH: /shared/centos7/intel/parallel_studio_xe/2019-4/intelpython3/pkgs/setuptools-39.0.1-py36_0/bin
PATH: /shared/centos7/intel/parallel_studio_xe/2019-4/intelpython3/pkgs/python-3.6.8-7/bin
PATH: /shared/centos7/intel/parallel_studio_xe/2019-4/intelpython3/pkgs/libpng-1.6.36-2/bin
PATH: /shared/centos7/intel/parallel_studio_xe/2019-4/intelpython3/pkgs/smp-0.1.4-py36_0/bin
PATH: /shared/centos7/intel/parallel_studio_xe/2019-4/intelpython3/pkgs/tbb-2019.6-intel_243/bin
PATH: /shared/centos7/intel/parallel_studio_xe/2019-4/intelpython3/pkgs/freetype-2.9-3/bin
PATH: /shared/centos7/intel/parallel_studio_xe/2019-4/intelpython3/pkgs/ipp-2019.4-intel_243/bin
PATH: /shared/centos7/intel/parallel_studio_xe/2019-4/intelpython3/pkgs/numpy-base-1.16.2-py36_0/bin
PATH: /shared/centos7/intel/parallel_studio_xe/2019-4/intelpython3/pkgs/intel-openmp-2019.4-intel_243/bin
PATH: /shared/centos7/anaconda3/2021.05/condabin
PATH: /shared/centos7/discovery/bin
PATH: /usr/lib64/qt-3.3/bin
PATH: /usr/local/bin
PATH: /usr/bin
PATH: /usr/local/sbin
PATH: /usr/sbin
PATH: /home/sortur.n/.local/bin
PATH: /home/sortur.n/bin


## ----------- ##
## Core tests. ##
## ----------- ##

configure:2368: error: cannot find install-sh, install.sh, or shtool in ".." "../.." "../../.."

## ---------------- ##
## Cache variables. ##
## ---------------- ##

ac_cv_env_CC_set=
ac_cv_env_CC_value=
ac_cv_env_CFLAGS_set=
ac_cv_env_CFLAGS_value=
ac_cv_env_CPPFLAGS_set=
ac_cv_env_CPPFLAGS_value=
ac_cv_env_CPP_set=
ac_cv_env_CPP_value=
ac_cv_env_LDFLAGS_set=
ac_cv_env_LDFLAGS_value=
ac_cv_env_LIBS_set=
ac_cv_env_LIBS_value=
ac_cv_env_MPICC_set=
ac_cv_env_MPICC_value=
ac_cv_env_build_alias_set=
ac_cv_env_build_alias_value=
ac_cv_env_host_alias_set=
ac_cv_env_host_alias_value=
ac_cv_env_target_alias_set=
ac_cv_env_target_alias_value=

## ----------------- ##
## Output variables. ##
## ----------------- ##

ACLOCAL=''
AMDEPBACKSLASH=''
AMDEP_FALSE=''
AMDEP_TRUE=''
AMTAR=''
AM_BACKSLASH=''
AM_DEFAULT_V=''
AM_DEFAULT_VERBOSITY=''
AM_V=''
AUTOCONF=''
AUTOHEADER=''
AUTOMAKE=''
AWK=''
CC=''
CCDEPMODE=''
CFLAGS=''
CPP=''
CPPFLAGS=''
CYGPATH_W=''
DEFS=''
DEPDIR=''
ECHO_C=''
ECHO_N='-n'
ECHO_T=''
EGREP=''
EXEEXT=''
GREP=''
H5CC=''
H5FC=''
HDF5_CC=''
HDF5_CFLAGS=''
HDF5_CPPFLAGS=''
HDF5_FC=''
HDF5_FFLAGS=''
HDF5_FLIBS=''
HDF5_LDFLAGS=''
HDF5_LIBS=''
HDF5_TYPE=''
HDF5_VERSION=''
INSTALL_DATA=''
INSTALL_PROGRAM=''
INSTALL_SCRIPT=''
INSTALL_STRIP_PROGRAM=''
LDFLAGS=''
LIBOBJS=''
LIBS=''
LTLIBOBJS=''
MAKEINFO=''
MKDIR_P=''
MPICC=''
MPILIBS=''
OBJEXT=''
PACKAGE=''
PACKAGE_BUGREPORT='gufranco@mail.wvu.edu'
PACKAGE_NAME='tpm'
PACKAGE_STRING='tpm 1.0'
PACKAGE_TARNAME='tpm'
PACKAGE_URL=''
PACKAGE_VERSION='1.0'
PATH_SEPARATOR=':'
SED=''
SET_MAKE=''
SHELL='/bin/sh'
STRIP=''
VERSION=''
ac_ct_CC=''
am__EXEEXT_FALSE=''
am__EXEEXT_TRUE=''
am__fastdepCC_FALSE=''
am__fastdepCC_TRUE=''
am__include=''
am__isrc=''
am__leading_dot=''
am__nodep=''
am__quote=''
am__tar=''
am__untar=''
bindir='${exec_prefix}/bin'
build_alias=''
datadir='${datarootdir}'
datarootdir='${prefix}/share'
docdir='${datarootdir}/doc/${PACKAGE_TARNAME}'
dvidir='${docdir}'
exec_prefix='NONE'
host_alias=''
htmldir='${docdir}'
includedir='${prefix}/include'
infodir='${datarootdir}/info'
install_sh=''
libdir='${exec_prefix}/lib'
libexecdir='${exec_prefix}/libexec'
localedir='${datarootdir}/locale'
localstatedir='${prefix}/var'
mandir='${datarootdir}/man'
mkdir_p=''
oldincludedir='/usr/include'
pdfdir='${docdir}'
prefix='NONE'
program_transform_name='s,x,x,'
psdir='${docdir}'
sbindir='${exec_prefix}/sbin'
sharedstatedir='${prefix}/com'
sysconfdir='${prefix}/etc'
target_alias=''

## ----------- ##
## confdefs.h. ##
## ----------- ##

/* confdefs.h */
#define PACKAGE_NAME "tpm"
#define PACKAGE_TARNAME "tpm"
#define PACKAGE_VERSION "1.0"
#define PACKAGE_STRING "tpm 1.0"
#define PACKAGE_BUGREPORT "gufranco@mail.wvu.edu"
#define PACKAGE_URL ""

configure: exit 1
